This is pdfTeX, Version 3.1415926-2.5-1.40.14 (MiKTeX 2.9) (preloaded format=pdflatex 2015.3.1)  1 MAY 2016 21:16
entering extended mode
**phaseModulatedGravitationalWaves.tex

(C:\Users\Samuel\Documents\GitHub\phaseModulatedWaveSearch\paper\phaseModulated
GravitationalWaves.tex
LaTeX2e <2011/06/27>
Babel <v3.8m> and hyphenation patterns for english, afrikaans, ancientgreek, ar
abic, armenian, assamese, basque, bengali, bokmal, bulgarian, catalan, coptic, 
croatian, czech, danish, dutch, esperanto, estonian, farsi, finnish, french, ga
lician, german, german-x-2013-05-26, greek, gujarati, hindi, hungarian, iceland
ic, indonesian, interlingua, irish, italian, kannada, kurmanji, latin, latvian,
 lithuanian, malayalam, marathi, mongolian, mongolianlmc, monogreek, ngerman, n
german-x-2013-05-26, nynorsk, oriya, panjabi, pinyin, polish, portuguese, roman
ian, russian, sanskrit, serbian, slovak, slovenian, spanish, swedish, swissgerm
an, tamil, telugu, turkish, turkmen, ukenglish, ukrainian, uppersorbian, usengl
ishmax, welsh, loaded.
("C:\Program Files (x86)\MiKTeX 2.9\tex\latex\revtex\revtex4-1.cls"
Document Class: revtex4-1 2010/07/25/20:33:00 4.1r (http://publish.aps.org/revt
ex4/ for documentation)
 Copyright (c) 2009 The American Physical Society.
 mailto:revtex@aps.org
 Licensed under the LPPL:
http://www.ctan.org/tex-archive/macros/latex/base/lppl.txt
 Arthur Ogawa <arthur_ogawa at sbcglobal dot net>
 Based on work by David Carlisle <david at dcarlisle.demon.co.uk>.
ltxutil[2010/07/25/20:33:00 4.1r utilities package (portions licensed from W. E
. Baxter web at superscript.com)]
LaTeX Info: Redefining \@centercr on input line 308.
Class revtex4-1 Info: Repairing broken LaTeX eqnarray on input line 358.
\eqncolsep=\skip41
Class revtex4-1 Info: Repairing hyperref-unfriendly LaTeX definition of \mpfoot
note on input line 433.
Class revtex4-1 Info: Repairing broken LateX \@sect on input line 755.
\intertabularlinepenalty=\count79
\@tbpen=\count80
\@arstrutbox@hline=\box26
Class revtex4-1 Info: Repairing broken LaTeX \@xbitor on input line 1786.
Class revtex4-1 Info: Making \typeout \long on input line 2046.
ltxfront[2010/07/25/20:33:00 4.1r frontmatter package (AO,DPC)]
\c@affil=\count81
\c@collab=\count82
\absbox=\box27
ltxgrid[2010/07/25/20:33:00 4.1r page grid package (portions licensed from W. E
. Baxter web at superscript.com)]
\c@linecount=\count83
\output@latex=\toks14
\box@size@1=\box28
\box@size@2=\box29
\@protection@box=\box30
\@topmark@saved=\toks15
\footins@saved=\box31
\footins@recovered=\box32
\column@recovered=\box33
\pagesofar=\box34
\footsofar=\box35
\pagegrid@col=\count84
Class revtex4-1 Info: Overriding \@vspace, \@vspacer, \@no@pgbk, \@newline, and
 \\  on input line 5578.
\c@part=\count85
\c@section=\count86
\c@subsection=\count87
\c@subsubsection=\count88
\c@paragraph=\count89
\c@subparagraph=\count90
\abovecaptionskip=\skip42
\belowcaptionskip=\skip43
\c@figure=\count91
\fbox@1=\box36
\c@table=\count92
\fbox@2=\box37
\c@video=\count93
\fbox@4=\box38
\@bibdataout=\write3
\widetext@top=\box39
\widetext@bot=\box40

Class revtex4-1 Warning: No Society specified, using default society aps.

("C:\Program Files (x86)\MiKTeX 2.9\tex\latex\revtex\aps4-1.rtx"
File: aps4-1 2010/07/25/20:33:00 4.1r (http://publish.aps.org/revtex4/ for docu
mentation)
Class revtex4-1 Info: RevTeX society APS selected on input line 31.
)

Class revtex4-1 Warning: No journal specified, using default pra.

Class revtex4-1 Info: APS journal PRA selected on input line 7545.
("C:\Program Files (x86)\MiKTeX 2.9\tex\latex\revtex\aps10pt4-1.rtx"
File: aps10pt4-1 2010/07/25/20:33:00 4.1r (http://publish.aps.org/revtex4/ for 
documentation)
Class revtex4-1 Info: RevTeX pointsize 10pt selected on input line 30.
)
("C:\Program Files (x86)\MiKTeX 2.9\tex\latex\textcase\textcase.sty"
Package: textcase 2004/10/07 v0.07 Text only upper/lower case changing (DPC)
)
("C:\Program Files (x86)\MiKTeX 2.9\tex\latex\url\url.sty"
\Urlmuskip=\muskip10
Package: url 2013/09/16  ver 3.4  Verb mode for urls, etc.
)
("C:\Program Files (x86)\MiKTeX 2.9\tex\latex\natbib\natbib.sty"
Package: natbib 2010/09/13 8.31b (PWD, AO)
\bibhang=\skip44
\bibsep=\skip45
LaTeX Info: Redefining \cite on input line 694.
\c@NAT@ctr=\count94
)
Class revtex4-1 Info: Repairing natbib's \BibitemShut on input line 7549.

("C:\Program Files (x86)\MiKTeX 2.9\tex\latex\revtex\revsymb4-1.sty"
Package: revsymb4-1 2010/07/25/20:33:00 4.1r (http://publish.aps.org/revtex4/ f
or documentation)
LaTeX Info: Redefining \REV@mathfrak on input line 119.
))
("C:\Program Files (x86)\MiKTeX 2.9\tex\latex\base\inputenc.sty"
Package: inputenc 2008/03/30 v1.1d Input encoding file
\inpenc@prehook=\toks16
\inpenc@posthook=\toks17

("C:\Program Files (x86)\MiKTeX 2.9\tex\latex\base\utf8.def"
File: utf8.def 2008/04/05 v1.1m UTF-8 support for inputenc
Now handling font encoding OML ...
... no UTF-8 mapping file for font encoding OML
Now handling font encoding T1 ...
... processing UTF-8 mapping file for font encoding T1

("C:\Program Files (x86)\MiKTeX 2.9\tex\latex\base\t1enc.dfu"
File: t1enc.dfu 2008/04/05 v1.1m UTF-8 support for inputenc
   defining Unicode char U+00A1 (decimal 161)
   defining Unicode char U+00A3 (decimal 163)
   defining Unicode char U+00AB (decimal 171)
   defining Unicode char U+00BB (decimal 187)
   defining Unicode char U+00BF (decimal 191)
   defining Unicode char U+00C0 (decimal 192)
   defining Unicode char U+00C1 (decimal 193)
   defining Unicode char U+00C2 (decimal 194)
   defining Unicode char U+00C3 (decimal 195)
   defining Unicode char U+00C4 (decimal 196)
   defining Unicode char U+00C5 (decimal 197)
   defining Unicode char U+00C6 (decimal 198)
   defining Unicode char U+00C7 (decimal 199)
   defining Unicode char U+00C8 (decimal 200)
   defining Unicode char U+00C9 (decimal 201)
   defining Unicode char U+00CA (decimal 202)
   defining Unicode char U+00CB (decimal 203)
   defining Unicode char U+00CC (decimal 204)
   defining Unicode char U+00CD (decimal 205)
   defining Unicode char U+00CE (decimal 206)
   defining Unicode char U+00CF (decimal 207)
   defining Unicode char U+00D0 (decimal 208)
   defining Unicode char U+00D1 (decimal 209)
   defining Unicode char U+00D2 (decimal 210)
   defining Unicode char U+00D3 (decimal 211)
   defining Unicode char U+00D4 (decimal 212)
   defining Unicode char U+00D5 (decimal 213)
   defining Unicode char U+00D6 (decimal 214)
   defining Unicode char U+00D8 (decimal 216)
   defining Unicode char U+00D9 (decimal 217)
   defining Unicode char U+00DA (decimal 218)
   defining Unicode char U+00DB (decimal 219)
   defining Unicode char U+00DC (decimal 220)
   defining Unicode char U+00DD (decimal 221)
   defining Unicode char U+00DE (decimal 222)
   defining Unicode char U+00DF (decimal 223)
   defining Unicode char U+00E0 (decimal 224)
   defining Unicode char U+00E1 (decimal 225)
   defining Unicode char U+00E2 (decimal 226)
   defining Unicode char U+00E3 (decimal 227)
   defining Unicode char U+00E4 (decimal 228)
   defining Unicode char U+00E5 (decimal 229)
   defining Unicode char U+00E6 (decimal 230)
   defining Unicode char U+00E7 (decimal 231)
   defining Unicode char U+00E8 (decimal 232)
   defining Unicode char U+00E9 (decimal 233)
   defining Unicode char U+00EA (decimal 234)
   defining Unicode char U+00EB (decimal 235)
   defining Unicode char U+00EC (decimal 236)
   defining Unicode char U+00ED (decimal 237)
   defining Unicode char U+00EE (decimal 238)
   defining Unicode char U+00EF (decimal 239)
   defining Unicode char U+00F0 (decimal 240)
   defining Unicode char U+00F1 (decimal 241)
   defining Unicode char U+00F2 (decimal 242)
   defining Unicode char U+00F3 (decimal 243)
   defining Unicode char U+00F4 (decimal 244)
   defining Unicode char U+00F5 (decimal 245)
   defining Unicode char U+00F6 (decimal 246)
   defining Unicode char U+00F8 (decimal 248)
   defining Unicode char U+00F9 (decimal 249)
   defining Unicode char U+00FA (decimal 250)
   defining Unicode char U+00FB (decimal 251)
   defining Unicode char U+00FC (decimal 252)
   defining Unicode char U+00FD (decimal 253)
   defining Unicode char U+00FE (decimal 254)
   defining Unicode char U+00FF (decimal 255)
   defining Unicode char U+0102 (decimal 258)
   defining Unicode char U+0103 (decimal 259)
   defining Unicode char U+0104 (decimal 260)
   defining Unicode char U+0105 (decimal 261)
   defining Unicode char U+0106 (decimal 262)
   defining Unicode char U+0107 (decimal 263)
   defining Unicode char U+010C (decimal 268)
   defining Unicode char U+010D (decimal 269)
   defining Unicode char U+010E (decimal 270)
   defining Unicode char U+010F (decimal 271)
   defining Unicode char U+0110 (decimal 272)
   defining Unicode char U+0111 (decimal 273)
   defining Unicode char U+0118 (decimal 280)
   defining Unicode char U+0119 (decimal 281)
   defining Unicode char U+011A (decimal 282)
   defining Unicode char U+011B (decimal 283)
   defining Unicode char U+011E (decimal 286)
   defining Unicode char U+011F (decimal 287)
   defining Unicode char U+0130 (decimal 304)
   defining Unicode char U+0131 (decimal 305)
   defining Unicode char U+0132 (decimal 306)
   defining Unicode char U+0133 (decimal 307)
   defining Unicode char U+0139 (decimal 313)
   defining Unicode char U+013A (decimal 314)
   defining Unicode char U+013D (decimal 317)
   defining Unicode char U+013E (decimal 318)
   defining Unicode char U+0141 (decimal 321)
   defining Unicode char U+0142 (decimal 322)
   defining Unicode char U+0143 (decimal 323)
   defining Unicode char U+0144 (decimal 324)
   defining Unicode char U+0147 (decimal 327)
   defining Unicode char U+0148 (decimal 328)
   defining Unicode char U+014A (decimal 330)
   defining Unicode char U+014B (decimal 331)
   defining Unicode char U+0150 (decimal 336)
   defining Unicode char U+0151 (decimal 337)
   defining Unicode char U+0152 (decimal 338)
   defining Unicode char U+0153 (decimal 339)
   defining Unicode char U+0154 (decimal 340)
   defining Unicode char U+0155 (decimal 341)
   defining Unicode char U+0158 (decimal 344)
   defining Unicode char U+0159 (decimal 345)
   defining Unicode char U+015A (decimal 346)
   defining Unicode char U+015B (decimal 347)
   defining Unicode char U+015E (decimal 350)
   defining Unicode char U+015F (decimal 351)
   defining Unicode char U+0160 (decimal 352)
   defining Unicode char U+0161 (decimal 353)
   defining Unicode char U+0162 (decimal 354)
   defining Unicode char U+0163 (decimal 355)
   defining Unicode char U+0164 (decimal 356)
   defining Unicode char U+0165 (decimal 357)
   defining Unicode char U+016E (decimal 366)
   defining Unicode char U+016F (decimal 367)
   defining Unicode char U+0170 (decimal 368)
   defining Unicode char U+0171 (decimal 369)
   defining Unicode char U+0178 (decimal 376)
   defining Unicode char U+0179 (decimal 377)
   defining Unicode char U+017A (decimal 378)
   defining Unicode char U+017B (decimal 379)
   defining Unicode char U+017C (decimal 380)
   defining Unicode char U+017D (decimal 381)
   defining Unicode char U+017E (decimal 382)
   defining Unicode char U+200C (decimal 8204)
   defining Unicode char U+2013 (decimal 8211)
   defining Unicode char U+2014 (decimal 8212)
   defining Unicode char U+2018 (decimal 8216)
   defining Unicode char U+2019 (decimal 8217)
   defining Unicode char U+201A (decimal 8218)
   defining Unicode char U+201C (decimal 8220)
   defining Unicode char U+201D (decimal 8221)
   defining Unicode char U+201E (decimal 8222)
   defining Unicode char U+2030 (decimal 8240)
   defining Unicode char U+2031 (decimal 8241)
   defining Unicode char U+2039 (decimal 8249)
   defining Unicode char U+203A (decimal 8250)
   defining Unicode char U+2423 (decimal 9251)
)
Now handling font encoding OT1 ...
... processing UTF-8 mapping file for font encoding OT1

("C:\Program Files (x86)\MiKTeX 2.9\tex\latex\base\ot1enc.dfu"
File: ot1enc.dfu 2008/04/05 v1.1m UTF-8 support for inputenc
   defining Unicode char U+00A1 (decimal 161)
   defining Unicode char U+00A3 (decimal 163)
   defining Unicode char U+00B8 (decimal 184)
   defining Unicode char U+00BF (decimal 191)
   defining Unicode char U+00C5 (decimal 197)
   defining Unicode char U+00C6 (decimal 198)
   defining Unicode char U+00D8 (decimal 216)
   defining Unicode char U+00DF (decimal 223)
   defining Unicode char U+00E6 (decimal 230)
   defining Unicode char U+00EC (decimal 236)
   defining Unicode char U+00ED (decimal 237)
   defining Unicode char U+00EE (decimal 238)
   defining Unicode char U+00EF (decimal 239)
   defining Unicode char U+00F8 (decimal 248)
   defining Unicode char U+0131 (decimal 305)
   defining Unicode char U+0141 (decimal 321)
   defining Unicode char U+0142 (decimal 322)
   defining Unicode char U+0152 (decimal 338)
   defining Unicode char U+0153 (decimal 339)
   defining Unicode char U+2013 (decimal 8211)
   defining Unicode char U+2014 (decimal 8212)
   defining Unicode char U+2018 (decimal 8216)
   defining Unicode char U+2019 (decimal 8217)
   defining Unicode char U+201C (decimal 8220)
   defining Unicode char U+201D (decimal 8221)
)
Now handling font encoding OMS ...
... processing UTF-8 mapping file for font encoding OMS

("C:\Program Files (x86)\MiKTeX 2.9\tex\latex\base\omsenc.dfu"
File: omsenc.dfu 2008/04/05 v1.1m UTF-8 support for inputenc
   defining Unicode char U+00A7 (decimal 167)
   defining Unicode char U+00B6 (decimal 182)
   defining Unicode char U+00B7 (decimal 183)
   defining Unicode char U+2020 (decimal 8224)
   defining Unicode char U+2021 (decimal 8225)
   defining Unicode char U+2022 (decimal 8226)
)
Now handling font encoding OMX ...
... no UTF-8 mapping file for font encoding OMX
Now handling font encoding U ...
... no UTF-8 mapping file for font encoding U
   defining Unicode char U+00A9 (decimal 169)
   defining Unicode char U+00AA (decimal 170)
   defining Unicode char U+00AE (decimal 174)
   defining Unicode char U+00BA (decimal 186)
   defining Unicode char U+02C6 (decimal 710)
   defining Unicode char U+02DC (decimal 732)
   defining Unicode char U+200C (decimal 8204)
   defining Unicode char U+2026 (decimal 8230)
   defining Unicode char U+2122 (decimal 8482)
   defining Unicode char U+2423 (decimal 9251)
))
("C:\Program Files (x86)\MiKTeX 2.9\tex\latex\amsmath\amsmath.sty"
Package: amsmath 2013/01/14 v2.14 AMS math features
\@mathmargin=\skip46

For additional information on amsmath, use the `?' option.
("C:\Program Files (x86)\MiKTeX 2.9\tex\latex\amsmath\amstext.sty"
Package: amstext 2000/06/29 v2.01

("C:\Program Files (x86)\MiKTeX 2.9\tex\latex\amsmath\amsgen.sty"
File: amsgen.sty 1999/11/30 v2.0
\@emptytoks=\toks18
\ex@=\dimen102
)
LaTeX Info: Redefining \text on input line 39.
)
("C:\Program Files (x86)\MiKTeX 2.9\tex\latex\amsmath\amsbsy.sty"
Package: amsbsy 1999/11/29 v1.2d
\pmbraise@=\dimen103
)
("C:\Program Files (x86)\MiKTeX 2.9\tex\latex\amsmath\amsopn.sty"
Package: amsopn 1999/12/14 v2.01 operator names
)
\inf@bad=\count95
LaTeX Info: Redefining \frac on input line 210.
\uproot@=\count96
\leftroot@=\count97
LaTeX Info: Redefining \overline on input line 306.
\classnum@=\count98
\DOTSCASE@=\count99
LaTeX Info: Redefining \ldots on input line 378.
LaTeX Info: Redefining \dots on input line 381.
LaTeX Info: Redefining \cdots on input line 466.
\Mathstrutbox@=\box41
\strutbox@=\box42
\big@size=\dimen104
LaTeX Font Info:    Redeclaring font encoding OML on input line 566.
LaTeX Font Info:    Redeclaring font encoding OMS on input line 567.
\macc@depth=\count100
\c@MaxMatrixCols=\count101
\dotsspace@=\muskip11
\c@parentequation=\count102
\dspbrk@lvl=\count103
\tag@help=\toks19
\row@=\count104
\column@=\count105
\maxfields@=\count106
\andhelp@=\toks20
\eqnshift@=\dimen105
\alignsep@=\dimen106
\tagshift@=\dimen107
\tagwidth@=\dimen108
\totwidth@=\dimen109
\lineht@=\dimen110
\@envbody=\toks21
\multlinegap=\skip47
\multlinetaggap=\skip48
\mathdisplay@stack=\toks22
LaTeX Info: Redefining \[ on input line 2665.
LaTeX Info: Redefining \] on input line 2666.
)
("C:\Program Files (x86)\MiKTeX 2.9\tex\latex\amsfonts\amsfonts.sty"
Package: amsfonts 2013/01/14 v3.01 Basic AMSFonts support
\symAMSa=\mathgroup4
\symAMSb=\mathgroup5
LaTeX Font Info:    Overwriting math alphabet `\mathfrak' in version `bold'
(Font)                  U/euf/m/n --> U/euf/b/n on input line 106.
LaTeX Info: Redefining \frak on input line 111.
LaTeX Info: Redefining \Bbb on input line 113.
)
("C:\Program Files (x86)\MiKTeX 2.9\tex\latex\amsfonts\amssymb.sty"
Package: amssymb 2013/01/14 v3.01 AMS font symbols
)
("C:\Program Files (x86)\MiKTeX 2.9\tex\latex\graphics\graphicx.sty"
Package: graphicx 1999/02/16 v1.0f Enhanced LaTeX Graphics (DPC,SPQR)

("C:\Program Files (x86)\MiKTeX 2.9\tex\latex\graphics\keyval.sty"
Package: keyval 1999/03/16 v1.13 key=value parser (DPC)
\KV@toks@=\toks23
)
("C:\Program Files (x86)\MiKTeX 2.9\tex\latex\graphics\graphics.sty"
Package: graphics 2009/02/05 v1.0o Standard LaTeX Graphics (DPC,SPQR)

("C:\Program Files (x86)\MiKTeX 2.9\tex\latex\graphics\trig.sty"
Package: trig 1999/03/16 v1.09 sin cos tan (DPC)
)
("C:\Program Files (x86)\MiKTeX 2.9\tex\latex\00miktex\graphics.cfg"
File: graphics.cfg 2007/01/18 v1.5 graphics configuration of teTeX/TeXLive
)
Package graphics Info: Driver file: pdftex.def on input line 91.

("C:\Program Files (x86)\MiKTeX 2.9\tex\latex\pdftex-def\pdftex.def"
File: pdftex.def 2011/05/27 v0.06d Graphics/color for pdfTeX

("C:\Program Files (x86)\MiKTeX 2.9\tex\generic\oberdiek\infwarerr.sty"
Package: infwarerr 2010/04/08 v1.3 Providing info/warning/error messages (HO)
)
("C:\Program Files (x86)\MiKTeX 2.9\tex\generic\oberdiek\ltxcmds.sty"
Package: ltxcmds 2011/11/09 v1.22 LaTeX kernel commands for general use (HO)
)
\Gread@gobject=\count107
))
\Gin@req@height=\dimen111
\Gin@req@width=\dimen112
)
("C:\Program Files (x86)\MiKTeX 2.9\tex\latex\geometry\geometry.sty"
Package: geometry 2010/09/12 v5.6 Page Geometry

("C:\Program Files (x86)\MiKTeX 2.9\tex\generic\oberdiek\ifpdf.sty"
Package: ifpdf 2011/01/30 v2.3 Provides the ifpdf switch (HO)
Package ifpdf Info: pdfTeX in PDF mode is detected.
)
("C:\Program Files (x86)\MiKTeX 2.9\tex\generic\oberdiek\ifvtex.sty"
Package: ifvtex 2010/03/01 v1.5 Detect VTeX and its facilities (HO)
Package ifvtex Info: VTeX not detected.
)
("C:\Program Files (x86)\MiKTeX 2.9\tex\generic\ifxetex\ifxetex.sty"
Package: ifxetex 2010/09/12 v0.6 Provides ifxetex conditional
)
\Gm@cnth=\count108
\Gm@cntv=\count109
\c@Gm@tempcnt=\count110
\Gm@bindingoffset=\dimen113
\Gm@wd@mp=\dimen114
\Gm@odd@mp=\dimen115
\Gm@even@mp=\dimen116
\Gm@layoutwidth=\dimen117
\Gm@layoutheight=\dimen118
\Gm@layouthoffset=\dimen119
\Gm@layoutvoffset=\dimen120
\Gm@dimlist=\toks24

("C:\Program Files (x86)\MiKTeX 2.9\tex\latex\geometry\geometry.cfg"))
("C:\Program Files (x86)\MiKTeX 2.9\tex\latex\dstroke\dsfont.sty"
Package: dsfont 1995/08/01 v0.1 Double stroke roman fonts
)
("C:\Program Files (x86)\MiKTeX 2.9\tex\latex\float\float.sty"
Package: float 2001/11/08 v1.3d Float enhancements (AL)
\c@float@type=\count111
\float@exts=\toks25
\float@box=\box43
\@float@everytoks=\toks26
\@floatcapt=\box44
)
("C:\Program Files (x86)\MiKTeX 2.9\tex\latex\caption\caption.sty"
Package: caption 2013/05/02 v3.3-89 Customizing captions (AR)

("C:\Program Files (x86)\MiKTeX 2.9\tex\latex\caption\caption3.sty"
Package: caption3 2013/05/02 v1.6-88 caption3 kernel (AR)
Package caption3 Info: TeX engine: e-TeX on input line 57.
\captionmargin=\dimen121
\captionmargin@=\dimen122
\captionwidth=\dimen123
\caption@tempdima=\dimen124
\caption@indent=\dimen125
\caption@parindent=\dimen126
\caption@hangindent=\dimen127
Package caption Info: Unknown document class (or package),
(caption)             standard defaults will be used.
)

Package caption Warning: Unsupported document class (or package) detected,
(caption)                usage of the caption package is not recommended.
See the caption package documentation for explanation.

Package caption Info: \@makecaption = \long macro:#1#2->\par \vskip \abovecapti
onskip \begingroup \small \rmfamily \sbox \@tempboxa {\let \\\heading@cr \@make
@capt@title {#1}{#2}}\@ifdim {\wd \@tempboxa >\hsize }{\begingroup \samepage \f
lushing \let \footnote \@footnotemark@gobble \@make@capt@title {#1}{#2}\par \en
dgroup }{\global \@minipagefalse \hb@xt@ \hsize {\hfil \unhbox \@tempboxa \hfil
 }}\endgroup \vskip \belowcaptionskip .
\c@ContinuedFloat=\count112
Package caption Info: float package is loaded.
) ("C:\Program Files (x86)\MiKTeX 2.9\tex\latex\caption\subcaption.sty"
Package: subcaption 2013/02/03 v1.1-62 Sub-captions (AR)
\c@subfigure=\count113
\c@subtable=\count114
)
Class revtex4-1 Info: Patching LaTeX tabular. on input line 31.


Class revtex4-1 Warning: Repair the float package.

Class revtex4-1 Info: Robustifying \LaTeX's \boldmath command on input line 31.

Class revtex4-1 Info: cite was not loaded (OK!) on input line 31.
Class revtex4-1 Info: mcite was not loaded (OK!) on input line 31.
Class revtex4-1 Info: multicol was not loaded (OK!) on input line 31.

(C:\Users\Samuel\Documents\GitHub\phaseModulatedWaveSearch\paper\phaseModulated
GravitationalWaves.aux)
LaTeX Font Info:    Checking defaults for OML/cmm/m/it on input line 31.
LaTeX Font Info:    ... okay on input line 31.
LaTeX Font Info:    Checking defaults for T1/cmr/m/n on input line 31.
LaTeX Font Info:    ... okay on input line 31.
LaTeX Font Info:    Checking defaults for OT1/cmr/m/n on input line 31.
LaTeX Font Info:    ... okay on input line 31.
LaTeX Font Info:    Checking defaults for OMS/cmsy/m/n on input line 31.
LaTeX Font Info:    ... okay on input line 31.
LaTeX Font Info:    Checking defaults for OMX/cmex/m/n on input line 31.
LaTeX Font Info:    ... okay on input line 31.
LaTeX Font Info:    Checking defaults for U/cmr/m/n on input line 31.
LaTeX Font Info:    ... okay on input line 31.

("C:\Program Files (x86)\MiKTeX 2.9\tex\context\base\supp-pdf.mkii"
[Loading MPS to PDF converter (version 2006.09.02).]
\scratchcounter=\count115
\scratchdimen=\dimen128
\scratchbox=\box45
\nofMPsegments=\count116
\nofMParguments=\count117
\everyMPshowfont=\toks27
\MPscratchCnt=\count118
\MPscratchDim=\dimen129
\MPnumerator=\count119
\makeMPintoPDFobject=\count120
\everyMPtoPDFconversion=\toks28
)
*geometry* driver: auto-detecting
*geometry* detected driver: pdftex
*geometry* verbose mode - [ preamble ] result:
* driver: pdftex
* paper: <default>
* layout: <same size as paper>
* layoutoffset:(h,v)=(0.0pt,0.0pt)
* modes: 
* h-part:(L,W,R)=(56.9055pt, 500.484pt, 56.9055pt)
* v-part:(T,H,B)=(56.9055pt, 681.15898pt, 56.9055pt)
* \paperwidth=614.295pt
* \paperheight=794.96999pt
* \textwidth=500.484pt
* \textheight=681.15898pt
* \oddsidemargin=-15.36449pt
* \evensidemargin=-15.36449pt
* \topmargin=-56.36449pt
* \headheight=25.0pt
* \headsep=16.0pt
* \topskip=10.0pt
* \footskip=30.0pt
* \marginparwidth=30.0pt
* \marginparsep=6.0pt
* \columnsep=18.0pt
* \skip\footins=39.0pt plus 4.0pt minus 12.0pt
* \hoffset=0.0pt
* \voffset=0.0pt
* \mag=1000
* \@twocolumnfalse
* \@twosidefalse
* \@mparswitchfalse
* \@reversemarginfalse
* (1in=72.27pt=25.4mm, 1cm=28.453pt)

Package caption Info: Begin \AtBeginDocument code.
Package caption Info: End \AtBeginDocument code.

Package natbib Warning: Citation `LSCall' on page 1 undefined on input line 46.


LaTeX Font Info:    Try loading font information for U+msa on input line 52.
("C:\Program Files (x86)\MiKTeX 2.9\tex\latex\amsfonts\umsa.fd"
File: umsa.fd 2013/01/14 v3.01 AMS symbols A
)
LaTeX Font Info:    Try loading font information for U+msb on input line 52.

("C:\Program Files (x86)\MiKTeX 2.9\tex\latex\amsfonts\umsb.fd"
File: umsb.fd 2013/01/14 v3.01 AMS symbols B
) [1{C:/ProgramData/MiKTeX/2.9/pdftex/config/pdftex.map}]
LaTeX Font Info:    Try loading font information for OMS+cmr on input line 62.

("C:\Program Files (x86)\MiKTeX 2.9\tex\latex\base\omscmr.fd"
File: omscmr.fd 1999/05/25 v2.5h Standard LaTeX font definitions
)
LaTeX Font Info:    Font shape `OMS/cmr/m/n' in size <10> not available
(Font)              Font shape `OMS/cmsy/m/n' tried instead on input line 62.
 [2]
<earthMotionModulationFigure/earthMotionModulationFigure.pdf, id=18, 346.68823p
t x 241.17703pt>
File: earthMotionModulationFigure/earthMotionModulationFigure.pdf Graphic file 
(type pdf)

<use earthMotionModulationFigure/earthMotionModulationFigure.pdf>
Package pdftex.def Info: earthMotionModulationFigure/earthMotionModulationFigur
e.pdf used on input line 107.
(pdftex.def)             Requested size: 375.36299pt x 261.14812pt.
 [3 <C:/Users/Samuel/Documents/GitHub/phaseModulatedWaveSearch/paper/earthMotio
nModulationFigure/earthMotionModulationFigure.pdf>] [4] [5]
LaTeX Font Info:    Try loading font information for U+dsrom on input line 267.


("C:\Program Files (x86)\MiKTeX 2.9\tex\latex\dstroke\udsrom.fd"
File: Udsrom.fd 1995/08/01 v0.1 Double stroke roman font definitions
) [6] [7]

Package natbib Warning: Citation `abramovici1996improved' on page 8 undefined o
n input line 421.


Package natbib Warning: Citation `aasi2013enhanced' on page 8 undefined on inpu
t line 421.

[8] [9] <images/denoise_1.jpg, id=61, 3613.5pt x 3613.5pt>
File: images/denoise_1.jpg Graphic file (type jpg)

<use images/denoise_1.jpg>
Package pdftex.def Info: images/denoise_1.jpg used on input line 527.
(pdftex.def)             Requested size: 225.21626pt x 225.18155pt.
 <images/denoise_2.jpg, id=62, 3613.5pt x 3613.5pt>
File: images/denoise_2.jpg Graphic file (type jpg)

<use images/denoise_2.jpg>
Package pdftex.def Info: images/denoise_2.jpg used on input line 532.
(pdftex.def)             Requested size: 225.21626pt x 225.18155pt.
 <images/denoise_3.jpg, id=63, 3613.5pt x 3613.5pt>
File: images/denoise_3.jpg Graphic file (type jpg)

<use images/denoise_3.jpg>
Package pdftex.def Info: images/denoise_3.jpg used on input line 542.
(pdftex.def)             Requested size: 250.24199pt x 250.21397pt.
 [10] [11 <C:/Users/Samuel/Documents/GitHub/phaseModulatedWaveSearch/paper/imag
es/denoise_1.jpg> <C:/Users/Samuel/Documents/GitHub/phaseModulatedWaveSearch/pa
per/images/denoise_2.jpg> <C:/Users/Samuel/Documents/GitHub/phaseModulatedWaveS
earch/paper/images/denoise_3.jpg>]
<images/denoise_4.jpg, id=72, 4818.0pt x 3613.5pt>
File: images/denoise_4.jpg Graphic file (type jpg)
 <use images/denoise_4.jpg>
Package pdftex.def Info: images/denoise_4.jpg used on input line 553.
(pdftex.def)             Requested size: 225.21626pt x 168.88615pt.

<images/denoise_5.jpg, id=73, 4818.0pt x 3613.5pt>
File: images/denoise_5.jpg Graphic file (type jpg)
 <use images/denoise_5.jpg>
Package pdftex.def Info: images/denoise_5.jpg used on input line 558.
(pdftex.def)             Requested size: 225.21626pt x 168.88615pt.

[12 <C:/Users/Samuel/Documents/GitHub/phaseModulatedWaveSearch/paper/images/den
oise_4.jpg> <C:/Users/Samuel/Documents/GitHub/phaseModulatedWaveSearch/paper/im
ages/denoise_5.jpg>]

Package natbib Warning: Citation `morten' on page 13 undefined on input line 59
6.

[13] [14] <images/BesselBadBoundary.png, id=84, 803.0pt x 504.88625pt>
File: images/BesselBadBoundary.png Graphic file (type png)

<use images/BesselBadBoundary.png>
Package pdftex.def Info: images/BesselBadBoundary.png used on input line 787.
(pdftex.def)             Requested size: 225.21626pt x 141.606pt.

<images/BesselGoodBoundary.png, id=85, 803.0pt x 506.89375pt>
File: images/BesselGoodBoundary.png Graphic file (type png)

<use images/BesselGoodBoundary.png>
Package pdftex.def Info: images/BesselGoodBoundary.png used on input line 792.
(pdftex.def)             Requested size: 225.21626pt x 142.16905pt.

<images/BesselJ4.png, id=86, 501.875pt x 304.13625pt>
File: images/BesselJ4.png Graphic file (type png)

<use images/BesselJ4.png>
Package pdftex.def Info: images/BesselJ4.png used on input line 825.
(pdftex.def)             Requested size: 225.21626pt x 136.48413pt.

<images/BesselJ40.png, id=87, 501.875pt x 300.12125pt>
File: images/BesselJ40.png Graphic file (type png)

<use images/BesselJ40.png>
Package pdftex.def Info: images/BesselJ40.png used on input line 830.
(pdftex.def)             Requested size: 225.21626pt x 134.68237pt.

<images/BesselJ400.png, id=88, 501.875pt x 306.14375pt>
File: images/BesselJ400.png Graphic file (type png)

<use images/BesselJ400.png>
Package pdftex.def Info: images/BesselJ400.png used on input line 835.
(pdftex.def)             Requested size: 225.21626pt x 137.38503pt.

<images/BesselJn80.png, id=89, 803.0pt x 500.87125pt>
File: images/BesselJn80.png Graphic file (type png)

<use images/BesselJn80.png>
Package pdftex.def Info: images/BesselJn80.png used on input line 844.
(pdftex.def)             Requested size: 375.36299pt x 234.14082pt.

<images/trial1Results/timeSeries.pdf, id=90, 501.875pt x 327.2225pt>
File: images/trial1Results/timeSeries.pdf Graphic file (type pdf)

<use images/trial1Results/timeSeries.pdf>
Package pdftex.def Info: images/trial1Results/timeSeries.pdf used on input line
 858.
(pdftex.def)             Requested size: 225.21626pt x 146.84433pt.

<images/trial1Results/timeSeriesNoise.pdf, id=91, 501.875pt x 313.17pt>
File: images/trial1Results/timeSeriesNoise.pdf Graphic file (type pdf)

<use images/trial1Results/timeSeriesNoise.pdf>
Package pdftex.def Info: images/trial1Results/timeSeriesNoise.pdf used on input
 line 863.
(pdftex.def)             Requested size: 225.21626pt x 140.53812pt.

<images/trial1Results/fourierSeries.pdf, id=92, 501.875pt x 338.26375pt>
File: images/trial1Results/fourierSeries.pdf Graphic file (type pdf)

<use images/trial1Results/fourierSeries.pdf>
Package pdftex.def Info: images/trial1Results/fourierSeries.pdf used on input l
ine 868.
(pdftex.def)             Requested size: 225.21626pt x 151.7992pt.

<images/trial1Results/fourierSeriesNoise.pdf, id=93, 501.875pt x 338.26375pt>
File: images/trial1Results/fourierSeriesNoise.pdf Graphic file (type pdf)

<use images/trial1Results/fourierSeriesNoise.pdf>
Package pdftex.def Info: images/trial1Results/fourierSeriesNoise.pdf used on in
put line 873.
(pdftex.def)             Requested size: 225.21626pt x 151.7992pt.

<images/trial1Results/gustafsonAlgoStepInCarrier.pdf, id=94, 501.875pt x 338.26
375pt>
File: images/trial1Results/gustafsonAlgoStepInCarrier.pdf Graphic file (type pd
f)
 <use images/trial1Results/gustafsonAlgoStepInCarrier.pdf>
Package pdftex.def Info: images/trial1Results/gustafsonAlgoStepInCarrier.pdf us
ed on input line 878.
(pdftex.def)             Requested size: 225.21626pt x 151.7992pt.

<images/trial1Results/gustafsonAlgoStepInModFreq.pdf, id=95, 501.875pt x 336.25
626pt>
File: images/trial1Results/gustafsonAlgoStepInModFreq.pdf Graphic file (type pd
f)
 <use images/trial1Results/gustafsonAlgoStepInModFreq.pdf>
Package pdftex.def Info: images/trial1Results/gustafsonAlgoStepInModFreq.pdf us
ed on input line 883.
(pdftex.def)             Requested size: 225.21626pt x 150.89832pt.

<images/trial1Results/gustafsonAlgoStepInPhi1.pdf, id=96, 501.875pt x 340.27126
pt>
File: images/trial1Results/gustafsonAlgoStepInPhi1.pdf Graphic file (type pdf)
 <use images/trial1Results/gustafsonAlgoStepInPhi1.pdf>
Package pdftex.def Info: images/trial1Results/gustafsonAlgoStepInPhi1.pdf used 
on input line 888.
(pdftex.def)             Requested size: 225.21626pt x 152.70007pt.

<images/trial1Results/gustafsonAlgoStepInGamma.pdf, id=97, 501.875pt x 336.2562
6pt>
File: images/trial1Results/gustafsonAlgoStepInGamma.pdf Graphic file (type pdf)

 <use images/trial1Results/gustafsonAlgoStepInGamma.pdf>
Package pdftex.def Info: images/trial1Results/gustafsonAlgoStepInGamma.pdf used
 on input line 893.
(pdftex.def)             Requested size: 225.21626pt x 150.89832pt.


LaTeX Warning: Float too large for page by 23.98373pt on input line 897.

[15] [16 <C:/Users/Samuel/Documents/GitHub/phaseModulatedWaveSearch/paper/image
s/BesselBadBoundary.png (PNG copy)> <C:/Users/Samuel/Documents/GitHub/phaseModu
latedWaveSearch/paper/images/BesselGoodBoundary.png (PNG copy)>] [17 <C:/Users/
Samuel/Documents/GitHub/phaseModulatedWaveSearch/paper/images/BesselJ4.png (PNG
 copy)> <C:/Users/Samuel/Documents/GitHub/phaseModulatedWaveSearch/paper/images
/BesselJ40.png (PNG copy)> <C:/Users/Samuel/Documents/GitHub/phaseModulatedWave
Search/paper/images/BesselJ400.png (PNG copy)>] [18 <C:/Users/Samuel/Documents/
GitHub/phaseModulatedWaveSearch/paper/images/BesselJn80.png (PNG copy)>]

LaTeX Warning: A float is stuck (cannot be placed); try class option [floatfix]
 on input line 960.

[19]

LaTeX Warning: A float is stuck (cannot be placed); try class option [floatfix]
 on input line 979.

<images/classicSignal.png, id=116, 488.82625pt x 290.08376pt>
File: images/classicSignal.png Graphic file (type png)

<use images/classicSignal.png>
Package pdftex.def Info: images/classicSignal.png used on input line 987.
(pdftex.def)             Requested size: 225.21626pt x 133.6526pt.

<images/interestingSignal.png, id=118, 488.82625pt x 290.08376pt>
File: images/interestingSignal.png Graphic file (type png)

<use images/interestingSignal.png>
Package pdftex.def Info: images/interestingSignal.png used on input line 992.
(pdftex.def)             Requested size: 225.21626pt x 133.6526pt.

<images/nastySignal.png, id=119, 488.82625pt x 291.0875pt>
File: images/nastySignal.png Graphic file (type png)

<use images/nastySignal.png>
Package pdftex.def Info: images/nastySignal.png used on input line 997.
(pdftex.def)             Requested size: 225.21626pt x 134.11507pt.

(C:\Users\Samuel\Documents\GitHub\phaseModulatedWaveSearch\paper\phaseModulated
GravitationalWaves.bbl)

Package natbib Warning: There were undefined citations.

[20 <C:/Users/Samuel/Documents/GitHub/phaseModulatedWaveSearch/paper/images/cla
ssicSignal.png> <C:/Users/Samuel/Documents/GitHub/phaseModulatedWaveSearch/pape
r/images/interestingSignal.png> <C:/Users/Samuel/Documents/GitHub/phaseModulate
dWaveSearch/paper/images/nastySignal.png>]

LaTeX Warning: A float is stuck (cannot be placed); try class option [floatfix]
 on input line 1007.

[21 <C:/Users/Samuel/Documents/GitHub/phaseModulatedWaveSearch/paper/images/tri
al1Results/timeSeries.pdf> <C:/Users/Samuel/Documents/GitHub/phaseModulatedWave
Search/paper/images/trial1Results/timeSeriesNoise.pdf

pdfTeX warning: pdflatex.exe (file C:/Users/Samuel/Documents/GitHub/phaseModula
tedWaveSearch/paper/images/trial1Results/timeSeriesNoise.pdf): PDF inclusion: m
ultiple pdfs with page group included in a single page
> <C:/Users/Samuel/Documents/GitHub/phaseModulatedWaveSearch/paper/images/trial
1Results/fourierSeries.pdf

pdfTeX warning: pdflatex.exe (file C:/Users/Samuel/Documents/GitHub/phaseModula
tedWaveSearch/paper/images/trial1Results/fourierSeries.pdf): PDF inclusion: mul
tiple pdfs with page group included in a single page
> <C:/Users/Samuel/Documents/GitHub/phaseModulatedWaveSearch/paper/images/trial
1Results/fourierSeriesNoise.pdf

pdfTeX warning: pdflatex.exe (file C:/Users/Samuel/Documents/GitHub/phaseModula
tedWaveSearch/paper/images/trial1Results/fourierSeriesNoise.pdf): PDF inclusion
: multiple pdfs with page group included in a single page
> <C:/Users/Samuel/Documents/GitHub/phaseModulatedWaveSearch/paper/images/trial
1Results/gustafsonAlgoStepInCarrier.pdf

pdfTeX warning: pdflatex.exe (file C:/Users/Samuel/Documents/GitHub/phaseModula
tedWaveSearch/paper/images/trial1Results/gustafsonAlgoStepInCarrier.pdf): PDF i
nclusion: multiple pdfs with page group included in a single page
> <C:/Users/Samuel/Documents/GitHub/phaseModulatedWaveSearch/paper/images/trial
1Results/gustafsonAlgoStepInModFreq.pdf

pdfTeX warning: pdflatex.exe (file C:/Users/Samuel/Documents/GitHub/phaseModula
tedWaveSearch/paper/images/trial1Results/gustafsonAlgoStepInModFreq.pdf): PDF i
nclusion: multiple pdfs with page group included in a single page
> <C:/Users/Samuel/Documents/GitHub/phaseModulatedWaveSearch/paper/images/trial
1Results/gustafsonAlgoStepInPhi1.pdf

pdfTeX warning: pdflatex.exe (file C:/Users/Samuel/Documents/GitHub/phaseModula
tedWaveSearch/paper/images/trial1Results/gustafsonAlgoStepInPhi1.pdf): PDF incl
usion: multiple pdfs with page group included in a single page
> <C:/Users/Samuel/Documents/GitHub/phaseModulatedWaveSearch/paper/images/trial
1Results/gustafsonAlgoStepInGamma.pdf

pdfTeX warning: pdflatex.exe (file C:/Users/Samuel/Documents/GitHub/phaseModula
tedWaveSearch/paper/images/trial1Results/gustafsonAlgoStepInGamma.pdf): PDF inc
lusion: multiple pdfs with page group included in a single page
>]
(C:\Users\Samuel\Documents\GitHub\phaseModulatedWaveSearch\paper\phaseModulated
GravitationalWaves.aux) ) 
Here is how much of TeX's memory you used:
 6050 strings out of 493921
 86977 string characters out of 3144874
 179579 words of memory out of 3000000
 9237 multiletter control sequences out of 15000+200000
 11764 words of font info for 48 fonts, out of 3000000 for 9000
 841 hyphenation exceptions out of 8191
 36i,18n,38p,1365b,508s stack positions out of 5000i,500n,10000p,200000b,50000s
<C:/Program Files (x86)/MiKTeX 2.9/fonts/type1/public/
amsfonts/cm/cmbx10.pfb><C:/Program Files (x86)/MiKTeX 2.9/fonts/type1/public/am
sfonts/cm/cmbx12.pfb><C:/Program Files (x86)/MiKTeX 2.9/fonts/type1/public/amsf
onts/cm/cmbx7.pfb><C:/Program Files (x86)/MiKTeX 2.9/fonts/type1/public/amsfont
s/cm/cmbx9.pfb><C:/Program Files (x86)/MiKTeX 2.9/fonts/type1/public/amsfonts/c
m/cmex10.pfb><C:/Program Files (x86)/MiKTeX 2.9/fonts/type1/public/amsfonts/cme
xtra/cmex7.pfb><C:/Program Files (x86)/MiKTeX 2.9/fonts/type1/public/amsfonts/c
m/cmmi10.pfb><C:/Program Files (x86)/MiKTeX 2.9/fonts/type1/public/amsfonts/cm/
cmmi5.pfb><C:/Program Files (x86)/MiKTeX 2.9/fonts/type1/public/amsfonts/cm/cmm
i6.pfb><C:/Program Files (x86)/MiKTeX 2.9/fonts/type1/public/amsfonts/cm/cmmi7.
pfb><C:/Program Files (x86)/MiKTeX 2.9/fonts/type1/public/amsfonts/cm/cmmi9.pfb
><C:/Program Files (x86)/MiKTeX 2.9/fonts/type1/public/amsfonts/cm/cmr10.pfb><C
:/Program Files (x86)/MiKTeX 2.9/fonts/type1/public/amsfonts/cm/cmr5.pfb><C:/Pr
ogram Files (x86)/MiKTeX 2.9/fonts/type1/public/amsfonts/cm/cmr6.pfb><C:/Progra
m Files (x86)/MiKTeX 2.9/fonts/type1/public/amsfonts/cm/cmr7.pfb><C:/Program Fi
les (x86)/MiKTeX 2.9/fonts/type1/public/amsfonts/cm/cmr9.pfb><C:/Program Files 
(x86)/MiKTeX 2.9/fonts/type1/public/amsfonts/cm/cmsy10.pfb><C:/Program Files (x
86)/MiKTeX 2.9/fonts/type1/public/amsfonts/cm/cmsy5.pfb><C:/Program Files (x86)
/MiKTeX 2.9/fonts/type1/public/amsfonts/cm/cmsy7.pfb><C:/Program Files (x86)/Mi
KTeX 2.9/fonts/type1/public/amsfonts/cm/cmsy9.pfb><C:/Program Files (x86)/MiKTe
X 2.9/fonts/type1/public/amsfonts/cm/cmti10.pfb><C:/Program Files (x86)/MiKTeX 
2.9/fonts/type1/public/amsfonts/cm/cmti9.pfb><C:/Program Files (x86)/MiKTeX 2.9
/fonts/type1/public/dstroke/dsrom10.pfb>
Output written on phaseModulatedGravitationalWaves.pdf (21 pages, 4896520 bytes
).
PDF statistics:
 367 PDF objects out of 1000 (max. 8388607)
 0 named destinations out of 1000 (max. 500000)
 116 words of extra memory for PDF output out of 10000 (max. 10000000)

